<?xml version="1.0" encoding="utf-8"?><testsuites name="pytest tests"><testsuite name="pytest" errors="0" failures="0" skipped="0" tests="4" time="1.217" timestamp="2026-08-06T08:22:44.878448+00:00" hostname="agent-env-eef3156a-7d17-40ce-afa2-023b7fa9bca7"><testcase classname="tests.test_image_forge_p2.TestUploadAndAssetCreation" name="test_upload_returns_id_and_url" time="0.389" /><testcase classname="tests.test_image_forge_p2.TestUploadAndAssetCreation" name="test_create_asset_forge_item" time="0.199" /><testcase classname="tests.test_image_forge_p2.TestCanvasStatePersistence" name="test_create_and_update_canvas_state" time="0.193" /><testcase classname="tests.test_image_forge_p2.TestGalleryMembership" name="test_create_gallery_and_add_asset" time="0.383" /></testsuite></testsuites>