<?xml version="1.0" encoding="utf-8"?><testsuites name="pytest tests"><testsuite name="pytest" errors="0" failures="0" skipped="0" tests="13" time="1.674" timestamp="2026-08-06T10:35:19.251032+00:00" hostname="agent-env-eef3156a-7d17-40ce-afa2-023b7fa9bca7"><testcase classname="tests.test_provider_hub.TestCatalogAndCategories" name="test_categories" time="0.209" /><testcase classname="tests.test_provider_hub.TestProviderCRUD" name="test_create_full_fields" time="0.210" /><testcase classname="tests.test_provider_hub.TestCatalogAndCategories" name="test_catalog_has_11" time="0.081" /><testcase classname="tests.test_provider_hub.TestProviderCRUD" name="test_get_persists" time="0.082" /><testcase classname="tests.test_provider_hub.TestCatalogAndCategories" name="test_seeded_providers_contain_all_11_catalog_names" time="0.070" /><testcase classname="tests.test_provider_hub.TestProviderCRUD" name="test_update_partial" time="0.072" /><testcase classname="tests.test_provider_hub.TestProviderCRUD" name="test_toggle_disable_status" time="0.069" /><testcase classname="tests.test_provider_hub.TestProviderCRUD" name="test_test_endpoint_disabled" time="0.073" /><testcase classname="tests.test_provider_hub.TestProviderCRUD" name="test_test_endpoint_ready" time="0.135" /><testcase classname="tests.test_provider_hub.TestProviderCRUD" name="test_test_endpoint_short_key_error" time="0.203" /><testcase classname="tests.test_provider_hub.TestProviderCRUD" name="test_delete" time="0.134" /><testcase classname="tests.test_provider_hub.TestProviderCRUD" name="test_delete_nonexistent_404" time="0.066" /><testcase classname="tests.test_provider_hub.TestProviderCRUD" name="test_zz_cleanup_leftover" time="0.067" /></testsuite></testsuites>