<?xml version="1.0" encoding="utf-8"?><testsuites name="pytest tests"><testsuite name="pytest" errors="0" failures="0" skipped="0" tests="7" time="2.159" timestamp="2026-08-05T13:01:05.252922+00:00" hostname="agent-env-eef3156a-7d17-40ce-afa2-023b7fa9bca7"><testcase classname="tests.backend_test" name="test_root" time="0.273" /><testcase classname="tests.backend_test" name="test_providers_seeded" time="0.075" /><testcase classname="tests.backend_test" name="test_providers_filter_llm" time="0.072" /><testcase classname="tests.backend_test" name="test_provider_toggle_and_default" time="0.294" /><testcase classname="tests.backend_test" name="test_projects_crud" time="0.498" /><testcase classname="tests.backend_test" name="test_settings_get" time="0.070" /><testcase classname="tests.backend_test" name="test_settings_partial_update" time="0.281" /></testsuite></testsuites>