<?xml version="1.0" encoding="utf-8"?><testsuites name="pytest tests"><testsuite name="pytest" errors="0" failures="0" skipped="0" tests="7" time="2.600" timestamp="2026-08-05T18:03:37.452447+00:00" hostname="agent-env-eef3156a-7d17-40ce-afa2-023b7fa9bca7"><testcase classname="tests.test_sprint_creation_endpoints" name="test_create_character_returns_200_and_persists" time="0.642" /><testcase classname="tests.test_sprint_creation_endpoints" name="test_create_workflow_returns_200_and_persists" time="0.341" /><testcase classname="tests.test_sprint_creation_endpoints" name="test_create_campaign_returns_200_and_persists" time="0.232" /><testcase classname="tests.test_sprint_creation_endpoints" name="test_create_post_returns_200_and_persists" time="0.400" /><testcase classname="tests.test_sprint_creation_endpoints" name="test_create_post_minimal_fields" time="0.156" /><testcase classname="tests.test_sprint_creation_endpoints" name="test_create_character_minimal" time="0.157" /><testcase classname="tests.test_sprint_creation_endpoints" name="test_create_character_missing_name_returns_422" time="0.162" /></testsuite></testsuites>