<?xml version="1.0" encoding="utf-8"?><testsuites name="pytest tests"><testsuite name="pytest" errors="0" failures="0" skipped="0" tests="10" time="46.149" timestamp="2026-08-05T13:55:51.373098+00:00" hostname="agent-env-eef3156a-7d17-40ce-afa2-023b7fa9bca7"><testcase classname="tests.test_v2_extensions" name="test_character_lifecycle" time="0.834" /><testcase classname="tests.test_v2_extensions" name="test_bible_types" time="0.070" /><testcase classname="tests.test_v2_extensions" name="test_bible_persistence" time="0.213" /><testcase classname="tests.test_v2_extensions" name="test_provider_masking_and_test" time="0.771" /><testcase classname="tests.test_v2_extensions" name="test_brain_status" time="0.081" /><testcase classname="tests.test_v2_extensions" name="test_brain_optimize" time="9.303" /><testcase classname="tests.test_v2_extensions" name="test_production_tree_and_cascade" time="0.374" /><testcase classname="tests.test_v2_extensions" name="test_publish_flow" time="0.361" /><testcase classname="tests.test_v2_extensions" name="test_image_operations_and_job" time="0.426" /><testcase classname="tests.test_v2_extensions" name="test_file_upload_and_serve" time="33.160" /></testsuite></testsuites>