<?xml version="1.0" encoding="utf-8"?><testsuites name="pytest tests"><testsuite name="pytest" errors="0" failures="1" skipped="0" tests="21" time="9.951" timestamp="2026-08-05T16:51:13.954847+00:00" hostname="agent-env-eef3156a-7d17-40ce-afa2-023b7fa9bca7"><testcase classname="tests.test_forge_items.TestForgeEdgeCases" name="test_update_nonexistent" time="0.313" /><testcase classname="tests.test_forge_items.TestForgeEdgeCases" name="test_delete_nonexistent" time="0.087" /><testcase classname="tests.test_forge_items.TestForgeCRUD" name="test_create_list_update_delete[story-chapter-data0]" time="1.059" /><testcase classname="tests.test_forge_items.TestForgeEdgeCases" name="test_update_empty_body" time="0.353" /><testcase classname="tests.test_forge_items.TestForgeEdgeCases" name="test_list_filtered_by_kind" time="0.244" /><testcase classname="tests.test_forge_items.TestCascadeDelete" name="test_deleting_project_cascades_forge_items" time="0.409" /><testcase classname="tests.test_forge_items.TestForgeCRUD" name="test_create_list_update_delete[story-draft-data1]" time="0.689" /><testcase classname="tests.test_forge_items.TestCharacterAIPrompt" name="test_create_character_with_ai_prompt" time="0.161"><failure message="AssertionError: {&quot;detail&quot;:&quot;Not Found&quot;}&#10;assert 404 == 200&#10; +  where 404 = &lt;Response [404]&gt;.status_code">backend/tests/test_forge_items.py:141: in test_create_character_with_ai_prompt
    assert r.status_code == 200, r.text
E   AssertionError: {"detail":"Not Found"}
E   assert 404 == 200
E    +  where 404 = &lt;Response [404]&gt;.status_code</failure></testcase><testcase classname="tests.test_forge_items.TestForgeCRUD" name="test_create_list_update_delete[story-beat-data2]" time="0.588" /><testcase classname="tests.test_forge_items.TestForgeCRUD" name="test_create_list_update_delete[world-location-data3]" time="0.562" /><testcase classname="tests.test_forge_items.TestForgeCRUD" name="test_create_list_update_delete[world-faction-data4]" time="0.564" /><testcase classname="tests.test_forge_items.TestForgeCRUD" name="test_create_list_update_delete[world-rule-data5]" time="0.589" /><testcase classname="tests.test_forge_items.TestForgeCRUD" name="test_create_list_update_delete[world-timeline-data6]" time="0.600" /><testcase classname="tests.test_forge_items.TestForgeCRUD" name="test_create_list_update_delete[video-scene-data7]" time="0.598" /><testcase classname="tests.test_forge_items.TestForgeCRUD" name="test_create_list_update_delete[video-shot-data8]" time="0.576" /><testcase classname="tests.test_forge_items.TestForgeCRUD" name="test_create_list_update_delete[video-render-data9]" time="0.572" /><testcase classname="tests.test_forge_items.TestForgeCRUD" name="test_create_list_update_delete[voice-profile-data10]" time="0.576" /><testcase classname="tests.test_forge_items.TestForgeCRUD" name="test_create_list_update_delete[music-brief-data11]" time="0.567" /><testcase classname="tests.test_forge_items.TestForgeCRUD" name="test_create_list_update_delete[image-gallery-data12]" time="0.567" /><testcase classname="tests.test_forge_items.TestForgeCRUD" name="test_create_list_update_delete[image-asset-data13]" time="0.577" /><testcase classname="tests.test_forge_items.TestForgeCRUD" name="test_create_list_update_delete[workflow-graph-data14]" time="0.653" /></testsuite></testsuites>