<?xml version="1.0" encoding="utf-8"?><testsuites name="pytest tests"><testsuite name="pytest" errors="0" failures="0" skipped="0" tests="4" time="1.689" timestamp="2026-08-06T09:25:18.316982+00:00" hostname="agent-env-eef3156a-7d17-40ce-afa2-023b7fa9bca7"><testcase classname="tests.test_publish_forge_edit" name="test_list_posts" time="0.184" /><testcase classname="tests.test_publish_forge_edit" name="test_list_platforms" time="0.203" /><testcase classname="tests.test_publish_forge_edit" name="test_create_edit_partial_persistence_delete" time="0.846" /><testcase classname="tests.test_publish_forge_edit" name="test_cleanup_stale_test_posts" time="0.131" /></testsuite></testsuites>